-------------------------------------------------------------------------------
Test set: com.example.demo.TaskManagerServiceApplicationTests
-------------------------------------------------------------------------------
Tests run: 1, Failures: 0, Errors: 1, Skipped: 0, Time elapsed: 4.801 s <<< FAILURE! - in com.example.demo.TaskManagerServiceApplicationTests
initializationError(com.example.demo.TaskManagerServiceApplicationTests)  Time elapsed: 0.005 s  <<< ERROR!
java.lang.IllegalStateException: Unable to find a @SpringBootConfiguration, you need to use @ContextConfiguration or @SpringBootTest(classes=...) with your test

